<?xml version="1.0" encoding="UTF-8"?>
<!-- Generated by org.testng.reporters.JUnitReportReporter -->
<testsuite hostname="10X-Mahendra" name="Txl.DemoMavenSampleProject.ExampleTest" tests="1" failures="0" timestamp="29 Jan 2016 05:08:17 GMT" time="23.712" errors="0">
  <testcase name="testDownload" time="23.712" classname="Txl.DemoMavenSampleProject.ExampleTest"/>
</testsuite> <!-- Txl.DemoMavenSampleProject.ExampleTest -->
