<?xml version="1.0" encoding="UTF-8"?>
<!-- Generated by org.testng.reporters.JUnitReportReporter -->
<testsuite hostname="10X-Mahendra" name="Txl.DemoMavenSampleProject.SampleTest" tests="1" failures="0" timestamp="29 Jan 2016 05:08:17 GMT" time="0.002" errors="0">
  <testcase name="test" time="0.002" classname="Txl.DemoMavenSampleProject.SampleTest"/>
</testsuite> <!-- Txl.DemoMavenSampleProject.SampleTest -->
