<?xml version="1.0" encoding="UTF-8"?>
<!-- Generated by org.testng.reporters.JUnitReportReporter -->
<testsuite hostname="10X-Mahendra" name="Txl.DemoMavenSampleProject.SampleTestCase" tests="1" failures="0" timestamp="28 Jan 2016 13:51:52 GMT" time="7.993" errors="0">
  <testcase name="testDownload" time="7.993" classname="Txl.DemoMavenSampleProject.SampleTestCase"/>
</testsuite> <!-- Txl.DemoMavenSampleProject.SampleTestCase -->
