<?xml version="1.0" encoding="UTF-8"?>
<!-- Generated by org.testng.reporters.JUnitReportReporter -->
<testsuite hostname="10X-Mahendra" name="Txl.DemoMavenSampleProject.ExampleTest" tests="1" failures="0" timestamp="28 Jan 2016 13:55:02 GMT" time="0.020" errors="0">
  <testcase name="testDownload" time="0.020" classname="Txl.DemoMavenSampleProject.ExampleTest"/>
</testsuite> <!-- Txl.DemoMavenSampleProject.ExampleTest -->
